<?xml version="1.0" encoding="UTF-8"?>
<!-- Generated by org.testng.reporters.JUnitReportReporter -->
<testsuite hostname="Raven-Main" failures="0" tests="1" name="theItch.TheItch" time="14.223" errors="0" timestamp="29 Nov 2019 22:23:30 GMT" skipped="0">
  <testcase classname="theItch.TheItch" name="test" time="14.223"/>
</testsuite> <!-- theItch.TheItch -->
